<?xml version="1.0"?>
<!--Phoronix Test Suite v4.0.0 (Suldal)-->
<?xml-stylesheet type="text/xsl" href="pts-results-viewer.xsl"?>
<PhoronixTestSuite>
  <Generated>
    <Title>kernel.results</Title>
    <LastModified>2013-05-15 15:19:08</LastModified>
    <TestClient>Phoronix Test Suite v4.0.0 (Suldal)</TestClient>
    <Description>VirtualBox testing on Ubuntu 12.10 via the Phoronix Test Suite.</Description>
  </Generated>
  <System>
    <Identifier>May 15 on FreEBS</Identifier>
    <Hardware>Processor: Intel Core 2 Quad Q9400 @ 2.64GHz (2 Cores), Motherboard: Oracle VirtualBox v1.2, Chipset: Intel 440FX- 82441FX PMC, Memory: 1024MB, Disk: 21GB VBOX HDD, Graphics: InnoTek VirtualBox, Network: Intel 82540EM Gigabit</Hardware>
    <Software>OS: Ubuntu 12.10, Kernel: 3.5.7.6 (x86_64), Compiler: GCC 4.7, File-System: ext4, Screen Resolution: 640x480, System Layer: VirtualBox</Software>
    <User>root</User>
    <TimeStamp>2013-05-15 15:19:08</TimeStamp>
    <TestClientVersion>4.0.0</TestClientVersion>
    <Notes></Notes>
    <JSON>{"compiler-configuration":"--build=x86_64-linux-gnu --disable-werror --enable-checking=release --enable-clocale=gnu --enable-gnu-unique-object --enable-languages=c,c++,go,fortran,objc,obj-c++ --enable-libstdcxx-debug --enable-libstdcxx-time=yes --enable-nls --enable-objc-gc --enable-plugin --enable-shared --enable-threads=posix --host=x86_64-linux-gnu --target=x86_64-linux-gnu --with-arch-32=i686 --with-tune=generic -v"}</JSON>
  </System>
  <Result>
    <Identifier>pts/build-linux-kernel-1.3.0</Identifier>
    <Title>Timed Linux Kernel Compilation</Title>
    <AppVersion>3.1</AppVersion>
    <Arguments></Arguments>
    <Description>Time To Compile</Description>
    <Scale>Seconds</Scale>
    <Proportion>LIB</Proportion>
    <DisplayFormat>BAR_GRAPH</DisplayFormat>
    <Data>
      <Entry>
        <Identifier>May 15 on FreEBS</Identifier>
        <Value>661.37</Value>
        <RawString>658.9395699501:662.75945210457:662.42530703545</RawString>
      </Entry>
    </Data>
  </Result>
</PhoronixTestSuite>
